 * Debug mode: off
newman

forum: multiple users

â†’ read user 1 not found
  GET http://127.0.0.1:5000/user/1 [404 NOT FOUND, 196B, 30ms]
  âœ“  User 1 not found

â†’ read user 2 not found
  GET http://127.0.0.1:5000/user/2 [404 NOT FOUND, 196B, 10ms]
  âœ“  User 2 not found

â†’ create user 1 success
  POST http://127.0.0.1:5000/user [200 OK, 331B, 10ms]
  âœ“  Status code is 200

â†’ read user 1 valid
  GET http://127.0.0.1:5000/user/1 [200 OK, 245B, 10ms]
  âœ“  Status code is 200
  âœ“  user 1 contents correct

â†’ create user 2
  POST http://127.0.0.1:5000/user [200 OK, 333B, 11ms]
  âœ“  Status code is 200

â†’ read user 2 valid
  GET http://127.0.0.1:5000/user/2 [200 OK, 246B, 10ms]
  âœ“  Status code is 200
  âœ“  user 2 contents correct

[90mâ”Œâ”€â”€â”€â”€â”€â”€â”€â”€â”€â”€â”€â”€â”€â”€â”€â”€â”€â”€â”€â”€â”€â”€â”€â”€â”€[39m[90mâ”¬â”€â”€â”€â”€â”€â”€â”€â”€â”€â”€â”€â”€â”€â”€â”€â”€â”€â”€[39m[90mâ”¬â”€â”€â”€â”€â”€â”€â”€â”€â”€â”€â”€â”€â”€â”€â”€â”€â”€â”€â”[39m
[90mâ”‚[39m                         [90mâ”‚[39m         executed [90mâ”‚[39m           failed [90mâ”‚[39m
[90mâ”œâ”€â”€â”€â”€â”€â”€â”€â”€â”€â”€â”€â”€â”€â”€â”€â”€â”€â”€â”€â”€â”€â”€â”€â”€â”€[39m[90mâ”¼â”€â”€â”€â”€â”€â”€â”€â”€â”€â”€â”€â”€â”€â”€â”€â”€â”€â”€[39m[90mâ”¼â”€â”€â”€â”€â”€â”€â”€â”€â”€â”€â”€â”€â”€â”€â”€â”€â”€â”€â”¤[39m
[90mâ”‚[39m              iterations [90mâ”‚[39m                1 [90mâ”‚[39m                0 [90mâ”‚[39m
[90mâ”œâ”€â”€â”€â”€â”€â”€â”€â”€â”€â”€â”€â”€â”€â”€â”€â”€â”€â”€â”€â”€â”€â”€â”€â”€â”€[39m[90mâ”¼â”€â”€â”€â”€â”€â”€â”€â”€â”€â”€â”€â”€â”€â”€â”€â”€â”€â”€[39m[90mâ”¼â”€â”€â”€â”€â”€â”€â”€â”€â”€â”€â”€â”€â”€â”€â”€â”€â”€â”€â”¤[39m
[90mâ”‚[39m                requests [90mâ”‚[39m                6 [90mâ”‚[39m                0 [90mâ”‚[39m
[90mâ”œâ”€â”€â”€â”€â”€â”€â”€â”€â”€â”€â”€â”€â”€â”€â”€â”€â”€â”€â”€â”€â”€â”€â”€â”€â”€[39m[90mâ”¼â”€â”€â”€â”€â”€â”€â”€â”€â”€â”€â”€â”€â”€â”€â”€â”€â”€â”€[39m[90mâ”¼â”€â”€â”€â”€â”€â”€â”€â”€â”€â”€â”€â”€â”€â”€â”€â”€â”€â”€â”¤[39m
[90mâ”‚[39m            test-scripts [90mâ”‚[39m                6 [90mâ”‚[39m                0 [90mâ”‚[39m
[90mâ”œâ”€â”€â”€â”€â”€â”€â”€â”€â”€â”€â”€â”€â”€â”€â”€â”€â”€â”€â”€â”€â”€â”€â”€â”€â”€[39m[90mâ”¼â”€â”€â”€â”€â”€â”€â”€â”€â”€â”€â”€â”€â”€â”€â”€â”€â”€â”€[39m[90mâ”¼â”€â”€â”€â”€â”€â”€â”€â”€â”€â”€â”€â”€â”€â”€â”€â”€â”€â”€â”¤[39m
[90mâ”‚[39m      prerequest-scripts [90mâ”‚[39m                0 [90mâ”‚[39m                0 [90mâ”‚[39m
[90mâ”œâ”€â”€â”€â”€â”€â”€â”€â”€â”€â”€â”€â”€â”€â”€â”€â”€â”€â”€â”€â”€â”€â”€â”€â”€â”€[39m[90mâ”¼â”€â”€â”€â”€â”€â”€â”€â”€â”€â”€â”€â”€â”€â”€â”€â”€â”€â”€[39m[90mâ”¼â”€â”€â”€â”€â”€â”€â”€â”€â”€â”€â”€â”€â”€â”€â”€â”€â”€â”€â”¤[39m
[90mâ”‚[39m              assertions [90mâ”‚[39m                8 [90mâ”‚[39m                0 [90mâ”‚[39m
[90mâ”œâ”€â”€â”€â”€â”€â”€â”€â”€â”€â”€â”€â”€â”€â”€â”€â”€â”€â”€â”€â”€â”€â”€â”€â”€â”€â”´â”€â”€â”€â”€â”€â”€â”€â”€â”€â”€â”€â”€â”€â”€â”€â”€â”€â”€â”´â”€â”€â”€â”€â”€â”€â”€â”€â”€â”€â”€â”€â”€â”€â”€â”€â”€â”€â”¤[39m
[90mâ”‚[39m total run duration: 161ms                                     [90mâ”‚[39m
[90mâ”œâ”€â”€â”€â”€â”€â”€â”€â”€â”€â”€â”€â”€â”€â”€â”€â”€â”€â”€â”€â”€â”€â”€â”€â”€â”€â”€â”€â”€â”€â”€â”€â”€â”€â”€â”€â”€â”€â”€â”€â”€â”€â”€â”€â”€â”€â”€â”€â”€â”€â”€â”€â”€â”€â”€â”€â”€â”€â”€â”€â”€â”€â”€â”€â”¤[39m
[90mâ”‚[39m total data received: 541B (approx)                            [90mâ”‚[39m
[90mâ”œâ”€â”€â”€â”€â”€â”€â”€â”€â”€â”€â”€â”€â”€â”€â”€â”€â”€â”€â”€â”€â”€â”€â”€â”€â”€â”€â”€â”€â”€â”€â”€â”€â”€â”€â”€â”€â”€â”€â”€â”€â”€â”€â”€â”€â”€â”€â”€â”€â”€â”€â”€â”€â”€â”€â”€â”€â”€â”€â”€â”€â”€â”€â”€â”¤[39m
[90mâ”‚[39m average response time: 13ms [min: 10ms, max: 30ms, s.d.: 7ms] [90mâ”‚[39m
[90mâ””â”€â”€â”€â”€â”€â”€â”€â”€â”€â”€â”€â”€â”€â”€â”€â”€â”€â”€â”€â”€â”€â”€â”€â”€â”€â”€â”€â”€â”€â”€â”€â”€â”€â”€â”€â”€â”€â”€â”€â”€â”€â”€â”€â”€â”€â”€â”€â”€â”€â”€â”€â”€â”€â”€â”€â”€â”€â”€â”€â”€â”€â”€â”€â”˜[39m
